[2020-07-20T17:26:52.190] [DEBUG] cheese - login => username:admin,password:123456
[2020-07-20T17:26:52.241] [DEBUG] cheese - admin
[2020-07-20T17:26:52.324] [DEBUG] cheese - { inspect: [Function: inspect] }
[2020-07-20T17:26:52.331] [DEBUG] cheese - 查询失败
[2020-07-20T17:26:58.995] [DEBUG] cheese - login => username:admin,password:12345656
[2020-07-20T17:26:58.996] [DEBUG] cheese - admin
[2020-07-20T17:26:59.004] [DEBUG] cheese - { inspect: [Function: inspect] }
[2020-07-20T17:26:59.005] [DEBUG] cheese - 查询失败
[2020-07-20T17:27:04.766] [DEBUG] cheese - login => username:admin,password:123456
[2020-07-20T17:27:04.767] [DEBUG] cheese - admin
[2020-07-20T17:27:04.778] [DEBUG] cheese - { inspect: [Function: inspect] }
[2020-07-20T17:27:04.779] [DEBUG] cheese - 查询失败
[2020-07-20T17:27:08.175] [DEBUG] cheese - login => username:admin,password:123456
[2020-07-20T17:27:08.175] [DEBUG] cheese - admin
[2020-07-20T17:27:08.187] [DEBUG] cheese - { inspect: [Function: inspect] }
[2020-07-20T17:27:08.188] [DEBUG] cheese - 查询失败
[2020-07-20T17:29:35.108] [DEBUG] cheese - login => username:admin,password:123456
[2020-07-20T17:29:35.112] [DEBUG] cheese - admin
[2020-07-20T17:29:35.155] [DEBUG] cheese - { inspect: [Function: inspect] }
[2020-07-20T17:29:35.162] [DEBUG] cheese - 查询失败
[2020-07-20T17:29:41.060] [DEBUG] cheese - login => username:admin,password:123456
[2020-07-20T17:29:41.060] [DEBUG] cheese - admin
[2020-07-20T17:29:41.070] [DEBUG] cheese - { inspect: [Function: inspect] }
[2020-07-20T17:29:41.071] [DEBUG] cheese - 查询失败
[2020-07-20T17:31:09.738] [DEBUG] cheese - login => username:admin,password:123456
[2020-07-20T17:31:09.738] [DEBUG] cheese - admin
[2020-07-20T17:31:09.763] [DEBUG] cheese - { inspect: [Function: inspect] }
[2020-07-20T17:31:09.764] [DEBUG] cheese - 查询失败
[2020-07-20T17:33:51.979] [DEBUG] cheese - login => username:admin,password:123456
[2020-07-20T17:33:51.980] [DEBUG] cheese - admin
[2020-07-20T17:33:51.991] [DEBUG] cheese - { inspect: [Function: inspect] }
[2020-07-20T17:33:51.991] [DEBUG] cheese - 查询失败
[2020-07-20T17:33:58.673] [DEBUG] cheese - login => username:admin,password:123456
[2020-07-20T17:33:58.673] [DEBUG] cheese - admin
[2020-07-20T17:33:59.001] [DEBUG] cheese - { inspect: [Function: inspect] }
[2020-07-20T17:33:59.001] [DEBUG] cheese - 查询失败
[2020-07-20T17:34:23.570] [DEBUG] cheese - login => username:zshg,password:rtvrvtrvr
[2020-07-20T17:34:23.571] [DEBUG] cheese - zshg
[2020-07-20T17:34:23.580] [DEBUG] cheese - { inspect: [Function: inspect] }
[2020-07-20T17:34:23.581] [DEBUG] cheese - 查询失败
[2020-07-20T17:34:26.345] [DEBUG] cheese - login => username:admin,password:123456
[2020-07-20T17:34:26.346] [DEBUG] cheese - admin
[2020-07-20T17:34:26.354] [DEBUG] cheese - { inspect: [Function: inspect] }
[2020-07-20T17:34:26.355] [DEBUG] cheese - 查询失败
[2020-07-20T17:34:27.738] [DEBUG] cheese - login => username:admin,password:123456
[2020-07-20T17:34:27.739] [DEBUG] cheese - admin
[2020-07-20T17:34:27.745] [DEBUG] cheese - { inspect: [Function: inspect] }
[2020-07-20T17:34:27.745] [DEBUG] cheese - 查询失败
[2020-07-20T17:34:28.548] [DEBUG] cheese - login => username:admin,password:123456
[2020-07-20T17:34:28.549] [DEBUG] cheese - admin
[2020-07-20T17:34:28.558] [DEBUG] cheese - { inspect: [Function: inspect] }
[2020-07-20T17:34:28.559] [DEBUG] cheese - 查询失败
[2020-07-20T17:34:29.097] [DEBUG] cheese - login => username:admin,password:123456
[2020-07-20T17:34:29.097] [DEBUG] cheese - admin
[2020-07-20T17:34:29.106] [DEBUG] cheese - { inspect: [Function: inspect] }
[2020-07-20T17:34:29.106] [DEBUG] cheese - 查询失败
[2020-07-20T17:34:29.252] [DEBUG] cheese - login => username:admin,password:123456
[2020-07-20T17:34:29.254] [DEBUG] cheese - admin
[2020-07-20T17:34:29.266] [DEBUG] cheese - { inspect: [Function: inspect] }
[2020-07-20T17:34:29.266] [DEBUG] cheese - 查询失败
[2020-07-20T17:34:29.916] [DEBUG] cheese - login => username:admin,password:123456
[2020-07-20T17:34:29.917] [DEBUG] cheese - admin
[2020-07-20T17:34:29.924] [DEBUG] cheese - { inspect: [Function: inspect] }
[2020-07-20T17:34:29.925] [DEBUG] cheese - 查询失败
[2020-07-20T17:34:29.940] [DEBUG] cheese - login => username:admin,password:123456
[2020-07-20T17:34:29.940] [DEBUG] cheese - admin
[2020-07-20T17:34:29.950] [DEBUG] cheese - { inspect: [Function: inspect] }
[2020-07-20T17:34:29.951] [DEBUG] cheese - 查询失败
[2020-07-20T17:34:29.962] [DEBUG] cheese - login => username:admin,password:123456
[2020-07-20T17:34:29.962] [DEBUG] cheese - admin
[2020-07-20T17:34:29.971] [DEBUG] cheese - { inspect: [Function: inspect] }
[2020-07-20T17:34:29.974] [DEBUG] cheese - 查询失败
[2020-07-20T17:34:30.005] [DEBUG] cheese - login => username:admin,password:123456
[2020-07-20T17:34:30.006] [DEBUG] cheese - admin
[2020-07-20T17:34:30.022] [DEBUG] cheese - { inspect: [Function: inspect] }
[2020-07-20T17:34:30.023] [DEBUG] cheese - 查询失败
[2020-07-20T17:42:57.974] [DEBUG] cheese - login => username:admin,password:123456
[2020-07-20T17:42:57.975] [DEBUG] cheese - admin
[2020-07-20T17:42:57.997] [DEBUG] cheese - { inspect: [Function: inspect] }
[2020-07-20T17:42:57.998] [DEBUG] cheese - 查询失败
[2020-07-20T18:18:30.683] [DEBUG] cheese - login => username:admin,password:123456
[2020-07-20T18:18:30.684] [DEBUG] cheese - admin
[2020-07-20T18:18:30.713] [DEBUG] cheese - { inspect: [Function: inspect] }
[2020-07-20T18:18:30.714] [DEBUG] cheese - 查询失败
[2020-07-20T20:50:42.332] [DEBUG] cheese - login => username:admin,password:123456
[2020-07-20T20:50:42.365] [DEBUG] cheese - admin
[2020-07-20T20:50:42.414] [DEBUG] cheese - null
[2020-07-20T20:50:42.415] [DEBUG] cheese - null
[2020-07-20T21:29:04.966] [DEBUG] cheese - login => username:admin,password:1234566
[2020-07-20T21:29:04.967] [DEBUG] cheese - admin
[2020-07-20T21:29:05.975] [DEBUG] cheese - { inspect: [Function: inspect] }
[2020-07-20T21:29:05.977] [DEBUG] cheese - 查询失败
[2020-07-20T21:29:09.274] [DEBUG] cheese - login => username:admin,password:123456
[2020-07-20T21:29:09.274] [DEBUG] cheese - admin
[2020-07-20T21:29:10.272] [DEBUG] cheese - { inspect: [Function: inspect] }
[2020-07-20T21:29:10.273] [DEBUG] cheese - 查询失败
[2020-07-20T21:29:14.324] [DEBUG] cheese - login => username:admin,password:123456
[2020-07-20T21:29:14.324] [DEBUG] cheese - admin
[2020-07-20T21:29:15.323] [DEBUG] cheese - { inspect: [Function: inspect] }
[2020-07-20T21:29:15.324] [DEBUG] cheese - 查询失败
[2020-07-20T21:29:58.944] [DEBUG] cheese - login => username:admin,password:123456
[2020-07-20T21:29:58.944] [DEBUG] cheese - admin
[2020-07-20T21:29:59.961] [DEBUG] cheese - { inspect: [Function: inspect] }
[2020-07-20T21:29:59.961] [DEBUG] cheese - 查询失败
[2020-07-20T21:30:21.922] [DEBUG] cheese - login => username:admin,password:123456
[2020-07-20T21:30:21.923] [DEBUG] cheese - admin
[2020-07-20T21:30:22.926] [DEBUG] cheese - { inspect: [Function: inspect] }
[2020-07-20T21:30:22.927] [DEBUG] cheese - 查询失败
[2020-07-20T21:30:46.938] [DEBUG] cheese - login => username:admin,password:123456
[2020-07-20T21:30:46.939] [DEBUG] cheese - admin
[2020-07-20T21:30:47.000] [DEBUG] cheese - null
[2020-07-20T21:30:47.000] [DEBUG] cheese - null
[2020-07-20T21:31:09.221] [DEBUG] cheese - login => username:admin,password:123456
[2020-07-20T21:31:09.222] [DEBUG] cheese - admin
[2020-07-20T21:31:10.225] [DEBUG] cheese - { inspect: [Function: inspect] }
[2020-07-20T21:31:10.225] [DEBUG] cheese - 查询失败
[2020-07-20T21:31:25.955] [DEBUG] cheese - login => username:admin,password:123456
[2020-07-20T21:31:25.955] [DEBUG] cheese - admin
[2020-07-20T21:31:26.002] [DEBUG] cheese - null
[2020-07-20T21:31:26.004] [DEBUG] cheese - null
[2020-07-20T21:31:39.075] [DEBUG] cheese - login => username:admin,password:123456
[2020-07-20T21:31:39.075] [DEBUG] cheese - admin
[2020-07-20T21:31:39.085] [DEBUG] cheese - null
[2020-07-20T21:31:39.086] [DEBUG] cheese - null
[2020-07-20T21:31:44.570] [DEBUG] cheese - login => username:admin,password:123456
[2020-07-20T21:31:44.571] [DEBUG] cheese - admin
[2020-07-20T21:31:44.581] [DEBUG] cheese - null
[2020-07-20T21:31:44.581] [DEBUG] cheese - null
[2020-07-20T21:31:50.866] [DEBUG] cheese - login => username:admin,password:123456
[2020-07-20T21:31:50.867] [DEBUG] cheese - admin
[2020-07-20T21:31:50.876] [DEBUG] cheese - null
[2020-07-20T21:31:50.876] [DEBUG] cheese - null
[2020-07-21T14:46:59.677] [DEBUG] cheese - login => username:admin,password:123456
[2020-07-21T14:46:59.689] [DEBUG] cheese - admin
[2020-07-21T14:46:59.818] [DEBUG] cheese - null
[2020-07-21T14:46:59.819] [DEBUG] cheese - null
[2020-07-21T14:59:20.626] [DEBUG] cheese - login => username:admin,password:123456
[2020-07-21T14:59:20.626] [DEBUG] cheese - admin
[2020-07-21T14:59:20.639] [DEBUG] cheese - null
[2020-07-21T14:59:20.639] [DEBUG] cheese - null
[2020-07-21T15:06:34.642] [DEBUG] cheese - login => username:admin,password:123456
[2020-07-21T15:06:34.643] [DEBUG] cheese - admin
[2020-07-21T15:06:34.654] [DEBUG] cheese - null
[2020-07-21T15:06:34.655] [DEBUG] cheese - null
[2020-07-21T15:29:14.428] [DEBUG] cheese - login => username:admin,password:123456
[2020-07-21T15:29:14.429] [DEBUG] cheese - admin
[2020-07-21T15:29:15.475] [DEBUG] cheese - { inspect: [Function: inspect] }
[2020-07-21T15:29:15.485] [DEBUG] cheese - 查询失败
[2020-07-21T15:29:26.423] [DEBUG] cheese - login => username:admin,password:123456
[2020-07-21T15:29:26.423] [DEBUG] cheese - admin
[2020-07-21T15:29:26.503] [DEBUG] cheese - null
[2020-07-21T15:29:26.504] [DEBUG] cheese - null
[2020-07-21T15:29:38.022] [DEBUG] cheese - login => username:admin,password:123456
[2020-07-21T15:29:38.022] [DEBUG] cheese - admin
[2020-07-21T15:29:38.030] [DEBUG] cheese - null
[2020-07-21T15:29:38.031] [DEBUG] cheese - null
[2020-07-21T18:18:37.270] [DEBUG] cheese - login => username:admin,password:123456
[2020-07-21T18:18:37.395] [DEBUG] cheese - admin
[2020-07-21T18:18:38.090] [DEBUG] cheese - null
[2020-07-21T18:18:38.090] [DEBUG] cheese - null
[2020-07-21T19:34:44.634] [DEBUG] cheese - login => username:admin,password:123456
[2020-07-21T19:34:44.635] [DEBUG] cheese - admin
[2020-07-21T19:34:44.645] [DEBUG] cheese - null
[2020-07-21T19:34:44.645] [DEBUG] cheese - null
[2020-07-22T08:45:13.198] [DEBUG] cheese - login => username:admin,password:123456
[2020-07-22T08:45:13.231] [DEBUG] cheese - admin
[2020-07-22T08:45:13.326] [DEBUG] cheese - null
[2020-07-22T08:45:13.349] [DEBUG] cheese - null
[2020-07-23T08:03:53.230] [DEBUG] cheese - login => username:admin,password:123456
[2020-07-23T08:03:53.261] [DEBUG] cheese - admin
[2020-07-23T08:03:53.378] [DEBUG] cheese - null
[2020-07-23T08:03:53.380] [DEBUG] cheese - null
[2020-07-23T09:09:14.471] [DEBUG] cheese - login => username:admin,password:123456
[2020-07-23T09:09:14.559] [DEBUG] cheese - admin
[2020-07-23T09:09:15.086] [DEBUG] cheese - null
[2020-07-23T09:09:15.099] [DEBUG] cheese - null
[2020-07-23T20:12:43.436] [DEBUG] cheese - login => username:admin,password:123456
[2020-07-23T20:12:44.020] [DEBUG] cheese - admin
[2020-07-23T20:12:50.386] [DEBUG] cheese - null
[2020-07-23T20:12:50.426] [DEBUG] cheese - null
[2020-07-23T20:13:22.458] [DEBUG] cheese - login => username:admin,password:123456
[2020-07-23T20:13:22.459] [DEBUG] cheese - admin
[2020-07-23T20:13:22.530] [DEBUG] cheese - null
[2020-07-23T20:13:22.530] [DEBUG] cheese - null
[2020-07-23T20:14:34.139] [DEBUG] cheese - login => username:admin,password:123456
[2020-07-23T20:14:34.140] [DEBUG] cheese - admin
[2020-07-23T20:14:34.149] [DEBUG] cheese - null
[2020-07-23T20:14:34.149] [DEBUG] cheese - null
[2020-07-23T20:14:38.241] [DEBUG] cheese - login => username:admin,password:123456
[2020-07-23T20:14:38.242] [DEBUG] cheese - admin
[2020-07-23T20:14:38.247] [DEBUG] cheese - null
[2020-07-23T20:14:38.248] [DEBUG] cheese - null
[2020-07-24T08:16:38.753] [DEBUG] cheese - login => username:admin,password:123456
[2020-07-24T08:16:38.758] [DEBUG] cheese - admin
[2020-07-24T08:16:38.870] [DEBUG] cheese - null
[2020-07-24T08:16:38.873] [DEBUG] cheese - null
[2020-07-24T09:54:18.313] [DEBUG] cheese - login => username:admin,password:123456
[2020-07-24T09:54:18.326] [DEBUG] cheese - admin
[2020-07-24T09:54:18.856] [DEBUG] cheese - null
[2020-07-24T09:54:18.856] [DEBUG] cheese - null
[2020-07-24T09:55:27.313] [DEBUG] cheese - login => username:admin,password:123456
[2020-07-24T09:55:27.314] [DEBUG] cheese - admin
[2020-07-24T09:55:27.379] [DEBUG] cheese - null
[2020-07-24T09:55:27.379] [DEBUG] cheese - null
[2020-07-24T09:59:10.411] [DEBUG] cheese - login => username:admin,password:123456
[2020-07-24T09:59:10.412] [DEBUG] cheese - admin
[2020-07-24T09:59:10.433] [DEBUG] cheese - null
[2020-07-24T09:59:10.433] [DEBUG] cheese - null
[2020-07-24T10:01:35.643] [DEBUG] cheese - login => username:admin,password:123456
[2020-07-24T10:01:35.706] [DEBUG] cheese - admin
[2020-07-24T10:01:35.715] [DEBUG] cheese - null
[2020-07-24T10:01:35.715] [DEBUG] cheese - null
[2020-07-24T10:03:49.243] [DEBUG] cheese - login => username:admin,password:123456
[2020-07-24T10:03:49.245] [DEBUG] cheese - admin
[2020-07-24T10:03:49.277] [DEBUG] cheese - null
[2020-07-24T10:03:49.277] [DEBUG] cheese - null
[2020-07-24T10:04:45.528] [DEBUG] cheese - login => username:admin,password:123456
[2020-07-24T10:04:45.528] [DEBUG] cheese - admin
[2020-07-24T10:04:45.552] [DEBUG] cheese - null
[2020-07-24T10:04:45.554] [DEBUG] cheese - null
[2020-07-24T10:06:01.919] [DEBUG] cheese - login => username:admin,password:123456
[2020-07-24T10:06:01.919] [DEBUG] cheese - admin
[2020-07-24T10:06:01.924] [DEBUG] cheese - null
[2020-07-24T10:06:01.925] [DEBUG] cheese - null
[2020-07-24T10:06:32.049] [DEBUG] cheese - login => username:admin,password:123456
[2020-07-24T10:06:32.049] [DEBUG] cheese - admin
[2020-07-24T10:06:32.082] [DEBUG] cheese - null
[2020-07-24T10:06:32.082] [DEBUG] cheese - null
[2020-07-24T10:06:43.281] [DEBUG] cheese - login => username:admin,password:123456
[2020-07-24T10:06:43.282] [DEBUG] cheese - admin
[2020-07-24T10:06:43.287] [DEBUG] cheese - null
[2020-07-24T10:06:43.288] [DEBUG] cheese - null
[2020-07-24T10:07:31.919] [DEBUG] cheese - login => username:admin,password:123456
[2020-07-24T10:07:31.919] [DEBUG] cheese - admin
[2020-07-24T10:07:32.033] [DEBUG] cheese - null
[2020-07-24T10:07:32.033] [DEBUG] cheese - null
[2020-07-24T10:08:00.621] [DEBUG] cheese - login => username:admin,password:123456
[2020-07-24T10:08:00.621] [DEBUG] cheese - admin
[2020-07-24T10:08:00.662] [DEBUG] cheese - null
[2020-07-24T10:08:00.663] [DEBUG] cheese - null
[2020-07-24T10:08:17.153] [DEBUG] cheese - login => username:admin,password:123456
[2020-07-24T10:08:17.153] [DEBUG] cheese - admin
[2020-07-24T10:08:17.163] [DEBUG] cheese - null
[2020-07-24T10:08:17.163] [DEBUG] cheese - null
[2020-07-24T10:08:53.792] [DEBUG] cheese - login => username:admin,password:123456
[2020-07-24T10:08:53.793] [DEBUG] cheese - admin
[2020-07-24T10:08:53.799] [DEBUG] cheese - null
[2020-07-24T10:08:53.799] [DEBUG] cheese - null
[2020-07-24T19:15:29.950] [DEBUG] cheese - null
[2020-07-25T10:01:30.009] [DEBUG] cheese - login => username:admin,password:123456
[2020-07-25T10:01:30.014] [DEBUG] cheese - admin
[2020-07-25T10:01:30.133] [DEBUG] cheese - null
[2020-07-25T10:01:30.135] [DEBUG] cheese - null
[2020-07-25T13:00:54.521] [DEBUG] cheese - login => username:admin,password:123456
[2020-07-25T13:00:54.787] [DEBUG] cheese - admin
[2020-07-25T13:00:54.802] [DEBUG] cheese - null
[2020-07-25T13:00:54.826] [DEBUG] cheese - null
[2020-07-25T16:18:11.200] [DEBUG] cheese - login => username:admin,password:123456
[2020-07-25T16:18:11.228] [DEBUG] cheese - admin
[2020-07-25T16:18:11.413] [DEBUG] cheese - null
[2020-07-25T16:18:11.415] [DEBUG] cheese - null
[2020-07-26T08:27:43.289] [DEBUG] cheese - login => username:admin,password:123456
[2020-07-26T08:27:43.295] [DEBUG] cheese - admin
[2020-07-26T08:27:43.632] [DEBUG] cheese - null
[2020-07-26T08:27:43.711] [DEBUG] cheese - null
[2020-07-26T19:06:26.340] [DEBUG] cheese - login => username:admin,password:123456
[2020-07-26T19:06:26.403] [DEBUG] cheese - admin
[2020-07-26T19:06:26.491] [DEBUG] cheese - null
[2020-07-26T19:06:26.528] [DEBUG] cheese - null
[2020-07-27T07:31:03.086] [DEBUG] cheese - login => username:admin,password:123456
[2020-07-27T07:31:03.090] [DEBUG] cheese - admin
[2020-07-27T07:31:03.176] [DEBUG] cheese - null
[2020-07-27T07:31:03.202] [DEBUG] cheese - null
[2020-07-27T10:21:37.046] [DEBUG] cheese - login => username:admin,password:123456
[2020-07-27T10:21:37.221] [DEBUG] cheese - admin
[2020-07-27T10:21:37.629] [DEBUG] cheese - null
[2020-07-27T10:21:37.659] [DEBUG] cheese - null
[2020-07-27T10:57:17.924] [DEBUG] cheese - null
[2020-07-27T11:02:54.670] [DEBUG] cheese - null
[2020-07-27T11:03:59.569] [DEBUG] cheese - null
[2020-07-27T11:04:22.292] [DEBUG] cheese - null
